
 VARIABLES AND SPECIFIED RANGES 
 ----------------------------------------------------------------------------
 EPOCH                01-Jul-1983 00:00:00.000 31-Dec-1987 00:00:00.000
 LATITUDE                               -90.00                    90.00
 LONGITUD                              -180.00                   180.00
 CO2_CONC                             -10000.0                  10000.0
         EPOCH               LATITUDE      LONGITUD      CO2_CONC   
 01-Jul-1983 00:00:00.000        -37.95         77.53         341.4
 01-Jul-1983 00:00:00.000        -89.98        -24.80         341.0
 01-Jul-1983 00:00:00.000         -7.92        -14.42         343.4
 01-Jul-1983 00:00:00.000        -40.68        144.68        -100.0
 01-Jul-1983 00:00:00.000         19.52       -154.82         341.9
 01-Jul-1983 00:00:00.000        -14.25       -170.57         342.0
 01-Jul-1983 00:00:00.000          2.00       -157.30        -100.0
 01-Jul-1983 00:00:00.000         55.20       -162.72         335.3
 01-Jul-1983 00:00:00.000        -75.67        -27.00         341.7
 01-Jul-1983 00:00:00.000        -43.83       -172.63         341.3
 01-Jul-1983 00:00:00.000         25.67        -80.17         343.8
 01-Jul-1983 00:00:00.000         -4.67         55.17         339.1
 01-Jul-1983 00:00:00.000         13.43        144.78         344.0
 01-Jul-1983 00:00:00.000         19.53       -155.58         343.5
 01-Jul-1983 00:00:00.000         76.23       -119.33         339.8
 01-Jul-1983 00:00:00.000         40.05       -105.63         339.5
 01-Jul-1983 00:00:00.000         66.00          2.00         338.7
 01-Jul-1983 00:00:00.000        -64.92        -64.00         341.4
 01-Jul-1983 00:00:00.000         71.32       -156.60         340.1
 01-Jul-1983 00:00:00.000         17.75        -64.77         342.3
 01-Jul-1983 00:00:00.000         38.75        -27.08         341.1
 01-Aug-1983 00:00:00.000        -37.95         77.53         341.6
 01-Aug-1983 00:00:00.000        -89.98        -24.80         341.6
 01-Aug-1983 00:00:00.000         -7.92        -14.42         343.3
 01-Aug-1983 00:00:00.000        -40.68        144.68        -100.0
 01-Aug-1983 00:00:00.000         19.52       -154.82         338.9
 01-Aug-1983 00:00:00.000        -14.25       -170.57         341.8
 01-Aug-1983 00:00:00.000          2.00       -157.30        -100.0
 01-Aug-1983 00:00:00.000         55.20       -162.72         333.2
 01-Aug-1983 00:00:00.000        -75.67        -27.00        -100.0
 01-Aug-1983 00:00:00.000        -43.83       -172.63         340.7
 01-Aug-1983 00:00:00.000         25.67        -80.17         341.1
 01-Aug-1983 00:00:00.000         -4.67         55.17         339.5
 01-Aug-1983 00:00:00.000         13.43        144.78         342.0
 01-Aug-1983 00:00:00.000         19.53       -155.58         341.1
 01-Aug-1983 00:00:00.000         76.23       -119.33         334.4
 01-Aug-1983 00:00:00.000         40.05       -105.63         336.5
 01-Aug-1983 00:00:00.000         66.00          2.00         333.8
 01-Aug-1983 00:00:00.000        -64.92        -64.00         342.0
 01-Aug-1983 00:00:00.000         71.32       -156.60         333.3
 01-Aug-1983 00:00:00.000         17.75        -64.77         339.0
 01-Aug-1983 00:00:00.000         38.75        -27.08         338.1
 01-Sep-1983 00:00:00.000        -37.95         77.53         341.8
 01-Sep-1983 00:00:00.000        -89.98        -24.80         341.7
 01-Sep-1983 00:00:00.000         -7.92        -14.42         343.0
 01-Sep-1983 00:00:00.000        -40.68        144.68        -100.0
 01-Sep-1983 00:00:00.000         19.52       -154.82         338.2
 01-Sep-1983 00:00:00.000        -14.25       -170.57         341.6
 01-Sep-1983 00:00:00.000          2.00       -157.30        -100.0
 01-Sep-1983 00:00:00.000         55.20       -162.72         337.9
 01-Sep-1983 00:00:00.000        -75.67        -27.00         342.4
 01-Sep-1983 00:00:00.000        -43.83       -172.63         340.6
 01-Sep-1983 00:00:00.000         25.67        -80.17         340.4
 01-Sep-1983 00:00:00.000         -4.67         55.17         342.7
 01-Sep-1983 00:00:00.000         13.43        144.78         339.5
 01-Sep-1983 00:00:00.000         19.53       -155.58         339.6
 01-Sep-1983 00:00:00.000         76.23       -119.33         334.5
 01-Sep-1983 00:00:00.000         40.05       -105.63         337.8
 01-Sep-1983 00:00:00.000         66.00          2.00         335.1
 01-Sep-1983 00:00:00.000        -64.92        -64.00         342.1
 01-Sep-1983 00:00:00.000         71.32       -156.60         334.4
 01-Sep-1983 00:00:00.000         17.75        -64.77         340.1
 01-Sep-1983 00:00:00.000         38.75        -27.08         337.9
 01-Oct-1983 00:00:00.000        -37.95         77.53         341.7
 01-Oct-1983 00:00:00.000        -89.98        -24.80         341.8
 01-Oct-1983 00:00:00.000         -7.92        -14.42         343.4
 01-Oct-1983 00:00:00.000        -40.68        144.68        -100.0
 01-Oct-1983 00:00:00.000         19.52       -154.82         340.6
 01-Oct-1983 00:00:00.000        -14.25       -170.57         342.0
 01-Oct-1983 00:00:00.000          2.00       -157.30        -100.0
 01-Oct-1983 00:00:00.000         55.20       -162.72         343.9
 01-Oct-1983 00:00:00.000        -75.67        -27.00         342.2
 01-Oct-1983 00:00:00.000        -43.83       -172.63         341.4
 01-Oct-1983 00:00:00.000         25.67        -80.17         339.8
 01-Oct-1983 00:00:00.000         -4.67         55.17        -100.0
 01-Oct-1983 00:00:00.000         13.43        144.78         339.9
 01-Oct-1983 00:00:00.000         19.53       -155.58         339.8
 01-Oct-1983 00:00:00.000         76.23       -119.33         339.3
 01-Oct-1983 00:00:00.000         40.05       -105.63         340.7
 01-Oct-1983 00:00:00.000         66.00          2.00         341.3
 01-Oct-1983 00:00:00.000        -64.92        -64.00         342.2
 01-Oct-1983 00:00:00.000         71.32       -156.60         341.1
 01-Oct-1983 00:00:00.000         17.75        -64.77         339.6
 01-Oct-1983 00:00:00.000         38.75        -27.08         339.8
 01-Nov-1983 00:00:00.000        -37.95         77.53         342.0
 01-Nov-1983 00:00:00.000        -89.98        -24.80         341.8
 01-Nov-1983 00:00:00.000         -7.92        -14.42         343.1
 01-Nov-1983 00:00:00.000        -40.68        144.68        -100.0
 01-Nov-1983 00:00:00.000         19.52       -154.82         341.1
 01-Nov-1983 00:00:00.000        -14.25       -170.57         341.8
 01-Nov-1983 00:00:00.000          2.00       -157.30        -100.0
 01-Nov-1983 00:00:00.000         55.20       -162.72         345.8
 01-Nov-1983 00:00:00.000        -75.67        -27.00         342.3
 01-Nov-1983 00:00:00.000        -43.83       -172.63         340.8
 01-Nov-1983 00:00:00.000         25.67        -80.17         341.8
 01-Nov-1983 00:00:00.000         -4.67         55.17         341.6
 01-Nov-1983 00:00:00.000         13.43        144.78         341.2
 01-Nov-1983 00:00:00.000         19.53       -155.58         340.7
 01-Nov-1983 00:00:00.000         76.23       -119.33         344.8
 01-Nov-1983 00:00:00.000         40.05       -105.63         344.1
 01-Nov-1983 00:00:00.000         66.00          2.00         344.1
 01-Nov-1983 00:00:00.000        -64.92        -64.00         342.2
 01-Nov-1983 00:00:00.000         71.32       -156.60         345.5
 01-Nov-1983 00:00:00.000         17.75        -64.77         338.8
 01-Nov-1983 00:00:00.000         38.75        -27.08         344.9
 01-Dec-1983 00:00:00.000        -37.95         77.53         341.9
 01-Dec-1983 00:00:00.000        -89.98        -24.80         341.7
 01-Dec-1983 00:00:00.000         -7.92        -14.42         343.1
 01-Dec-1983 00:00:00.000        -40.68        144.68        -100.0
 01-Dec-1983 00:00:00.000         19.52       -154.82         343.3
 01-Dec-1983 00:00:00.000        -14.25       -170.57         342.1
 01-Dec-1983 00:00:00.000          2.00       -157.30        -100.0
 01-Dec-1983 00:00:00.000         55.20       -162.72         346.3
 01-Dec-1983 00:00:00.000        -75.67        -27.00         342.5
 01-Dec-1983 00:00:00.000        -43.83       -172.63         342.1
 01-Dec-1983 00:00:00.000         25.67        -80.17         343.4
 01-Dec-1983 00:00:00.000         -4.67         55.17         342.3
 01-Dec-1983 00:00:00.000         13.43        144.78         342.2
 01-Dec-1983 00:00:00.000         19.53       -155.58         342.4
 01-Dec-1983 00:00:00.000         76.23       -119.33         346.5
 01-Dec-1983 00:00:00.000         40.05       -105.63         346.3
 01-Dec-1983 00:00:00.000         66.00          2.00         345.8
 01-Dec-1983 00:00:00.000        -64.92        -64.00         342.0
 01-Dec-1983 00:00:00.000         71.32       -156.60         346.4
 01-Dec-1983 00:00:00.000         17.75        -64.77         341.4
 01-Dec-1983 00:00:00.000         38.75        -27.08         344.0
 01-Jan-1984 00:00:00.000        -37.95         77.53         342.0
 01-Jan-1984 00:00:00.000        -89.98        -24.80         341.8
 01-Jan-1984 00:00:00.000         -7.92        -14.42         343.2
 01-Jan-1984 00:00:00.000        -40.68        144.68        -100.0
 01-Jan-1984 00:00:00.000         19.52       -154.82         343.7
 01-Jan-1984 00:00:00.000        -14.25       -170.57         343.3
 01-Jan-1984 00:00:00.000          2.00       -157.30        -100.0
 01-Jan-1984 00:00:00.000         55.20       -162.72         348.1
 01-Jan-1984 00:00:00.000        -75.67        -27.00         342.0
 01-Jan-1984 00:00:00.000        -43.83       -172.63         342.7
 01-Jan-1984 00:00:00.000         25.67        -80.17         346.4
 01-Jan-1984 00:00:00.000         -4.67         55.17         343.8
 01-Jan-1984 00:00:00.000         13.43        144.78         343.4
 01-Jan-1984 00:00:00.000         19.53       -155.58         343.7
 01-Jan-1984 00:00:00.000         76.23       -119.33         349.6
 01-Jan-1984 00:00:00.000         40.05       -105.63         345.9
 01-Jan-1984 00:00:00.000         66.00          2.00         347.7
 01-Jan-1984 00:00:00.000        -64.92        -64.00         342.2
 01-Jan-1984 00:00:00.000         71.32       -156.60         349.1
 01-Jan-1984 00:00:00.000         17.75        -64.77         343.2
 01-Jan-1984 00:00:00.000         38.75        -27.08         346.3
 01-Feb-1984 00:00:00.000        -37.95         77.53         342.6
 01-Feb-1984 00:00:00.000        -89.98        -24.80         341.7
 01-Feb-1984 00:00:00.000         -7.92        -14.42         342.7
 01-Feb-1984 00:00:00.000        -40.68        144.68        -100.0
 01-Feb-1984 00:00:00.000         19.52       -154.82         345.4
 01-Feb-1984 00:00:00.000        -14.25       -170.57         343.6
 01-Feb-1984 00:00:00.000          2.00       -157.30        -100.0
 01-Feb-1984 00:00:00.000         55.20       -162.72         349.9
 01-Feb-1984 00:00:00.000        -75.67        -27.00         341.9
 01-Feb-1984 00:00:00.000        -43.83       -172.63         342.1
 01-Feb-1984 00:00:00.000         25.67        -80.17         346.3
 01-Feb-1984 00:00:00.000         -4.67         55.17         343.9
 01-Feb-1984 00:00:00.000         13.43        144.78         344.2
 01-Feb-1984 00:00:00.000         19.53       -155.58         344.4
 01-Feb-1984 00:00:00.000         76.23       -119.33         350.3
 01-Feb-1984 00:00:00.000         40.05       -105.63         346.1
 01-Feb-1984 00:00:00.000         66.00          2.00         347.9
 01-Feb-1984 00:00:00.000        -64.92        -64.00         341.4
 01-Feb-1984 00:00:00.000         71.32       -156.60         350.5
 01-Feb-1984 00:00:00.000         17.75        -64.77         344.8
 01-Feb-1984 00:00:00.000         38.75        -27.08         347.8
 01-Mar-1984 00:00:00.000        -37.95         77.53         341.8
 01-Mar-1984 00:00:00.000        -89.98        -24.80         341.5
 01-Mar-1984 00:00:00.000         -7.92        -14.42         342.3
 01-Mar-1984 00:00:00.000        -40.68        144.68        -100.0
 01-Mar-1984 00:00:00.000         19.52       -154.82         346.0
 01-Mar-1984 00:00:00.000        -14.25       -170.57         344.4
 01-Mar-1984 00:00:00.000          2.00       -157.30         345.6
 01-Mar-1984 00:00:00.000         55.20       -162.72         349.4
 01-Mar-1984 00:00:00.000        -75.67        -27.00         341.6
 01-Mar-1984 00:00:00.000        -43.83       -172.63         342.6
 01-Mar-1984 00:00:00.000         25.67        -80.17         347.2
 01-Mar-1984 00:00:00.000         -4.67         55.17        -100.0
 01-Mar-1984 00:00:00.000         13.43        144.78         344.7
 01-Mar-1984 00:00:00.000         19.53       -155.58         345.0
 01-Mar-1984 00:00:00.000         76.23       -119.33         350.0
 01-Mar-1984 00:00:00.000         40.05       -105.63         348.2
 01-Mar-1984 00:00:00.000         66.00          2.00         348.9
 01-Mar-1984 00:00:00.000        -64.92        -64.00         341.7
 01-Mar-1984 00:00:00.000         71.32       -156.60         349.8
 01-Mar-1984 00:00:00.000         17.75        -64.77         345.3
 01-Mar-1984 00:00:00.000         38.75        -27.08         347.6
 01-Apr-1984 00:00:00.000        -37.95         77.53         341.7
 01-Apr-1984 00:00:00.000        -89.98        -24.80         341.4
 01-Apr-1984 00:00:00.000         -7.92        -14.42         342.6
 01-Apr-1984 00:00:00.000        -40.68        144.68         341.5
 01-Apr-1984 00:00:00.000         19.52       -154.82         347.6
 01-Apr-1984 00:00:00.000        -14.25       -170.57         343.9
 01-Apr-1984 00:00:00.000          2.00       -157.30         346.9
 01-Apr-1984 00:00:00.000         55.20       -162.72         349.7
 01-Apr-1984 00:00:00.000        -75.67        -27.00        -100.0
 01-Apr-1984 00:00:00.000        -43.83       -172.63         342.6
 01-Apr-1984 00:00:00.000         25.67        -80.17         347.6
 01-Apr-1984 00:00:00.000         -4.67         55.17        -100.0
 01-Apr-1984 00:00:00.000         13.43        144.78         346.6
 01-Apr-1984 00:00:00.000         19.53       -155.58         346.7
 01-Apr-1984 00:00:00.000         76.23       -119.33         349.4
 01-Apr-1984 00:00:00.000         40.05       -105.63         348.4
 01-Apr-1984 00:00:00.000         66.00          2.00         349.2
 01-Apr-1984 00:00:00.000        -64.92        -64.00         341.8
 01-Apr-1984 00:00:00.000         71.32       -156.60         349.5
 01-Apr-1984 00:00:00.000         17.75        -64.77         347.4
 01-Apr-1984 00:00:00.000         38.75        -27.08         346.4
 01-May-1984 00:00:00.000        -37.95         77.53         341.8
 01-May-1984 00:00:00.000        -89.98        -24.80         341.6
 01-May-1984 00:00:00.000         -7.92        -14.42         343.5
 01-May-1984 00:00:00.000        -40.68        144.68         341.8
 01-May-1984 00:00:00.000         19.52       -154.82         347.7
 01-May-1984 00:00:00.000        -14.25       -170.57         342.6
 01-May-1984 00:00:00.000          2.00       -157.30         346.7
 01-May-1984 00:00:00.000         55.20       -162.72         348.9
 01-May-1984 00:00:00.000        -75.67        -27.00         342.3
 01-May-1984 00:00:00.000        -43.83       -172.63         342.5
 01-May-1984 00:00:00.000         25.67        -80.17         348.2
 01-May-1984 00:00:00.000         -4.67         55.17        -100.0
 01-May-1984 00:00:00.000         13.43        144.78         347.0
 01-May-1984 00:00:00.000         19.53       -155.58         347.3
 01-May-1984 00:00:00.000         76.23       -119.33         350.3
 01-May-1984 00:00:00.000         40.05       -105.63         348.6
 01-May-1984 00:00:00.000         66.00          2.00         348.0
 01-May-1984 00:00:00.000        -64.92        -64.00         341.8
 01-May-1984 00:00:00.000         71.32       -156.60         350.4
 01-May-1984 00:00:00.000         17.75        -64.77         348.0
 01-May-1984 00:00:00.000         38.75        -27.08         348.1
 01-Jun-1984 00:00:00.000        -37.95         77.53        -100.0
 01-Jun-1984 00:00:00.000        -89.98        -24.80         342.0
 01-Jun-1984 00:00:00.000         -7.92        -14.42         344.1
 01-Jun-1984 00:00:00.000        -40.68        144.68         342.4
 01-Jun-1984 00:00:00.000         19.52       -154.82         346.3
 01-Jun-1984 00:00:00.000        -14.25       -170.57         342.9
 01-Jun-1984 00:00:00.000          2.00       -157.30         345.6
 01-Jun-1984 00:00:00.000         55.20       -162.72         345.7
 01-Jun-1984 00:00:00.000        -75.67        -27.00        -100.0
 01-Jun-1984 00:00:00.000        -43.83       -172.63         342.8
 01-Jun-1984 00:00:00.000         25.67        -80.17         347.2
 01-Jun-1984 00:00:00.000         -4.67         55.17         343.1
 01-Jun-1984 00:00:00.000         13.43        144.78         346.9
 01-Jun-1984 00:00:00.000         19.53       -155.58         346.5
 01-Jun-1984 00:00:00.000         76.23       -119.33         348.6
 01-Jun-1984 00:00:00.000         40.05       -105.63         346.0
 01-Jun-1984 00:00:00.000         66.00          2.00         345.5
 01-Jun-1984 00:00:00.000        -64.92        -64.00         342.2
 01-Jun-1984 00:00:00.000         71.32       -156.60         348.6
 01-Jun-1984 00:00:00.000         17.75        -64.77         346.9
 01-Jun-1984 00:00:00.000         38.75        -27.08         345.4
 01-Jul-1984 00:00:00.000        -37.95         77.53         342.9
 01-Jul-1984 00:00:00.000        -89.98        -24.80         342.2
 01-Jul-1984 00:00:00.000         -7.92        -14.42         345.2
 01-Jul-1984 00:00:00.000        -40.68        144.68         342.8
 01-Jul-1984 00:00:00.000         19.52       -154.82         343.6
 01-Jul-1984 00:00:00.000        -14.25       -170.57         343.2
 01-Jul-1984 00:00:00.000          2.00       -157.30         345.0
 01-Jul-1984 00:00:00.000         55.20       -162.72         338.4
 01-Jul-1984 00:00:00.000        -75.67        -27.00        -100.0
 01-Jul-1984 00:00:00.000        -43.83       -172.63         341.4
 01-Jul-1984 00:00:00.000         25.67        -80.17         344.0
 01-Jul-1984 00:00:00.000         -4.67         55.17         344.9
 01-Jul-1984 00:00:00.000         13.43        144.78         345.9
 01-Jul-1984 00:00:00.000         19.53       -155.58         344.8
 01-Jul-1984 00:00:00.000         76.23       -119.33         342.5
 01-Jul-1984 00:00:00.000         40.05       -105.63         339.7
 01-Jul-1984 00:00:00.000         66.00          2.00         340.9
 01-Jul-1984 00:00:00.000        -64.92        -64.00         342.7
 01-Jul-1984 00:00:00.000         71.32       -156.60         340.1
 01-Jul-1984 00:00:00.000         17.75        -64.77         342.7
 01-Jul-1984 00:00:00.000         38.75        -27.08         341.6
 01-Aug-1984 00:00:00.000        -37.95         77.53         342.9
 01-Aug-1984 00:00:00.000        -89.98        -24.80         342.7
 01-Aug-1984 00:00:00.000         -7.92        -14.42         345.4
 01-Aug-1984 00:00:00.000        -40.68        144.68         342.9
 01-Aug-1984 00:00:00.000         19.52       -154.82         340.3
 01-Aug-1984 00:00:00.000        -14.25       -170.57         343.8
 01-Aug-1984 00:00:00.000          2.00       -157.30         344.6
 01-Aug-1984 00:00:00.000         55.20       -162.72         337.7
 01-Aug-1984 00:00:00.000        -75.67        -27.00         342.7
 01-Aug-1984 00:00:00.000        -43.83       -172.63         343.2
 01-Aug-1984 00:00:00.000         25.67        -80.17         342.4
 01-Aug-1984 00:00:00.000         -4.67         55.17         344.6
 01-Aug-1984 00:00:00.000         13.43        144.78         343.8
 01-Aug-1984 00:00:00.000         19.53       -155.58         342.8
 01-Aug-1984 00:00:00.000         76.23       -119.33         336.4
 01-Aug-1984 00:00:00.000         40.05       -105.63         338.3
 01-Aug-1984 00:00:00.000         66.00          2.00         335.7
 01-Aug-1984 00:00:00.000        -64.92        -64.00         343.5
 01-Aug-1984 00:00:00.000         71.32       -156.60         335.6
 01-Aug-1984 00:00:00.000         17.75        -64.77         340.2
 01-Aug-1984 00:00:00.000         38.75        -27.08        -100.0
 01-Sep-1984 00:00:00.000        -37.95         77.53         342.8
 01-Sep-1984 00:00:00.000        -89.98        -24.80         343.1
 01-Sep-1984 00:00:00.000         -7.92        -14.42         343.9
 01-Sep-1984 00:00:00.000        -40.68        144.68         343.4
 01-Sep-1984 00:00:00.000         19.52       -154.82         339.9
 01-Sep-1984 00:00:00.000        -14.25       -170.57         343.8
 01-Sep-1984 00:00:00.000          2.00       -157.30         343.9
 01-Sep-1984 00:00:00.000         55.20       -162.72         338.7
 01-Sep-1984 00:00:00.000        -75.67        -27.00        -100.0
 01-Sep-1984 00:00:00.000        -43.83       -172.63         342.2
 01-Sep-1984 00:00:00.000         25.67        -80.17         340.7
 01-Sep-1984 00:00:00.000         -4.67         55.17         343.9
 01-Sep-1984 00:00:00.000         13.43        144.78         341.6
 01-Sep-1984 00:00:00.000         19.53       -155.58         340.6
 01-Sep-1984 00:00:00.000         76.23       -119.33         337.2
 01-Sep-1984 00:00:00.000         40.05       -105.63         340.4
 01-Sep-1984 00:00:00.000         66.00          2.00         338.6
 01-Sep-1984 00:00:00.000        -64.92        -64.00        -100.0
 01-Sep-1984 00:00:00.000         71.32       -156.60         336.1
 01-Sep-1984 00:00:00.000         17.75        -64.77         338.5
 01-Sep-1984 00:00:00.000         38.75        -27.08         338.9
 01-Oct-1984 00:00:00.000        -37.95         77.53         342.5
 01-Oct-1984 00:00:00.000        -89.98        -24.80         343.1
 01-Oct-1984 00:00:00.000         -7.92        -14.42         344.6
 01-Oct-1984 00:00:00.000        -40.68        144.68         343.9
 01-Oct-1984 00:00:00.000         19.52       -154.82         341.4
 01-Oct-1984 00:00:00.000        -14.25       -170.57         343.6
 01-Oct-1984 00:00:00.000          2.00       -157.30         343.4
 01-Oct-1984 00:00:00.000         55.20       -162.72         344.8
 01-Oct-1984 00:00:00.000        -75.67        -27.00         343.9
 01-Oct-1984 00:00:00.000        -43.83       -172.63         343.0
 01-Oct-1984 00:00:00.000         25.67        -80.17         343.1
 01-Oct-1984 00:00:00.000         -4.67         55.17         343.9
 01-Oct-1984 00:00:00.000         13.43        144.78         341.9
 01-Oct-1984 00:00:00.000         19.53       -155.58         341.6
 01-Oct-1984 00:00:00.000         76.23       -119.33         341.1
 01-Oct-1984 00:00:00.000         40.05       -105.63         343.7
 01-Oct-1984 00:00:00.000         66.00          2.00         343.0
 01-Oct-1984 00:00:00.000        -64.92        -64.00        -100.0
 01-Oct-1984 00:00:00.000         71.32       -156.60         341.8
 01-Oct-1984 00:00:00.000         17.75        -64.77         339.5
 01-Oct-1984 00:00:00.000         38.75        -27.08         341.4
 01-Nov-1984 00:00:00.000        -37.95         77.53        -100.0
 01-Nov-1984 00:00:00.000        -89.98        -24.80         342.9
 01-Nov-1984 00:00:00.000         -7.92        -14.42         345.1
 01-Nov-1984 00:00:00.000        -40.68        144.68         342.7
 01-Nov-1984 00:00:00.000         19.52       -154.82         342.7
 01-Nov-1984 00:00:00.000        -14.25       -170.57         343.5
 01-Nov-1984 00:00:00.000          2.00       -157.30         343.9
 01-Nov-1984 00:00:00.000         55.20       -162.72         346.9
 01-Nov-1984 00:00:00.000        -75.67        -27.00         343.5
 01-Nov-1984 00:00:00.000        -43.83       -172.63         342.5
 01-Nov-1984 00:00:00.000         25.67        -80.17         344.8
 01-Nov-1984 00:00:00.000         -4.67         55.17        -100.0
 01-Nov-1984 00:00:00.000         13.43        144.78         343.3
 01-Nov-1984 00:00:00.000         19.53       -155.58         342.8
 01-Nov-1984 00:00:00.000         76.23       -119.33         344.4
 01-Nov-1984 00:00:00.000         40.05       -105.63         345.1
 01-Nov-1984 00:00:00.000         66.00          2.00         345.0
 01-Nov-1984 00:00:00.000        -64.92        -64.00         344.2
 01-Nov-1984 00:00:00.000         71.32       -156.60         344.5
 01-Nov-1984 00:00:00.000         17.75        -64.77         341.0
 01-Nov-1984 00:00:00.000         38.75        -27.08         344.6
 01-Dec-1984 00:00:00.000        -37.95         77.53         343.3
 01-Dec-1984 00:00:00.000        -89.98        -24.80         342.9
 01-Dec-1984 00:00:00.000         -7.92        -14.42         344.2
 01-Dec-1984 00:00:00.000        -40.68        144.68         343.4
 01-Dec-1984 00:00:00.000         19.52       -154.82         344.3
 01-Dec-1984 00:00:00.000        -14.25       -170.57         344.2
 01-Dec-1984 00:00:00.000          2.00       -157.30         344.9
 01-Dec-1984 00:00:00.000         55.20       -162.72         349.2
 01-Dec-1984 00:00:00.000        -75.67        -27.00         343.5
 01-Dec-1984 00:00:00.000        -43.83       -172.63         343.6
 01-Dec-1984 00:00:00.000         25.67        -80.17         345.7
 01-Dec-1984 00:00:00.000         -4.67         55.17         343.5
 01-Dec-1984 00:00:00.000         13.43        144.78         343.8
 01-Dec-1984 00:00:00.000         19.53       -155.58         343.7
 01-Dec-1984 00:00:00.000         76.23       -119.33         347.9
 01-Dec-1984 00:00:00.000         40.05       -105.63         345.8
 01-Dec-1984 00:00:00.000         66.00          2.00         347.2
 01-Dec-1984 00:00:00.000        -64.92        -64.00         343.8
 01-Dec-1984 00:00:00.000         71.32       -156.60         347.7
 01-Dec-1984 00:00:00.000         17.75        -64.77         343.4
 01-Dec-1984 00:00:00.000         38.75        -27.08         346.6
 01-Jan-1985 00:00:00.000        -37.95         77.53         343.4
 01-Jan-1985 00:00:00.000        -89.98        -24.80         342.8
 01-Jan-1985 00:00:00.000         -7.92        -14.42         343.9
 01-Jan-1985 00:00:00.000        -40.68        144.68         343.4
 01-Jan-1985 00:00:00.000         19.52       -154.82        -100.0
 01-Jan-1985 00:00:00.000        -14.25       -170.57         344.4
 01-Jan-1985 00:00:00.000          2.00       -157.30         345.4
 01-Jan-1985 00:00:00.000         55.20       -162.72         348.7
 01-Jan-1985 00:00:00.000        -75.67        -27.00         343.0
 01-Jan-1985 00:00:00.000        -43.83       -172.63         343.4
 01-Jan-1985 00:00:00.000         25.67        -80.17         347.5
 01-Jan-1985 00:00:00.000         -4.67         55.17        -100.0
 01-Jan-1985 00:00:00.000         13.43        144.78         344.6
 01-Jan-1985 00:00:00.000         19.53       -155.58         344.5
 01-Jan-1985 00:00:00.000         76.23       -119.33         349.2
 01-Jan-1985 00:00:00.000         40.05       -105.63         347.5
 01-Jan-1985 00:00:00.000         66.00          2.00         348.0
 01-Jan-1985 00:00:00.000        -64.92        -64.00         342.8
 01-Jan-1985 00:00:00.000         71.32       -156.60         349.2
 01-Jan-1985 00:00:00.000         17.75        -64.77         345.5
 01-Jan-1985 00:00:00.000         38.75        -27.08         346.0
 01-Feb-1985 00:00:00.000        -37.95         77.53        -100.0
 01-Feb-1985 00:00:00.000        -89.98        -24.80         342.9
 01-Feb-1985 00:00:00.000         -7.92        -14.42         343.5
 01-Feb-1985 00:00:00.000        -40.68        144.68         343.7
 01-Feb-1985 00:00:00.000         19.52       -154.82        -100.0
 01-Feb-1985 00:00:00.000        -14.25       -170.57         344.6
 01-Feb-1985 00:00:00.000          2.00       -157.30         345.8
 01-Feb-1985 00:00:00.000         55.20       -162.72         350.6
 01-Feb-1985 00:00:00.000        -75.67        -27.00         342.8
 01-Feb-1985 00:00:00.000        -43.83       -172.63         343.8
 01-Feb-1985 00:00:00.000         25.67        -80.17         347.6
 01-Feb-1985 00:00:00.000         -4.67         55.17         346.6
 01-Feb-1985 00:00:00.000         13.43        144.78         346.4
 01-Feb-1985 00:00:00.000         19.53       -155.58         345.4
 01-Feb-1985 00:00:00.000         76.23       -119.33         349.4
 01-Feb-1985 00:00:00.000         40.05       -105.63         347.5
 01-Feb-1985 00:00:00.000         66.00          2.00         349.2
 01-Feb-1985 00:00:00.000        -64.92        -64.00         342.7
 01-Feb-1985 00:00:00.000         71.32       -156.60         349.2
 01-Feb-1985 00:00:00.000         17.75        -64.77         346.0
 01-Feb-1985 00:00:00.000         38.75        -27.08         348.4
 01-Mar-1985 00:00:00.000        -37.95         77.53         343.3
 01-Mar-1985 00:00:00.000        -89.98        -24.80         342.6
 01-Mar-1985 00:00:00.000         -7.92        -14.42         343.9
 01-Mar-1985 00:00:00.000        -40.68        144.68         343.5
 01-Mar-1985 00:00:00.000         19.52       -154.82        -100.0
 01-Mar-1985 00:00:00.000        -14.25       -170.57         345.4
 01-Mar-1985 00:00:00.000          2.00       -157.30         346.7
 01-Mar-1985 00:00:00.000         55.20       -162.72         351.8
 01-Mar-1985 00:00:00.000        -75.67        -27.00        -100.0
 01-Mar-1985 00:00:00.000        -43.83       -172.63         342.9
 01-Mar-1985 00:00:00.000         25.67        -80.17         349.1
 01-Mar-1985 00:00:00.000         -4.67         55.17         347.1
 01-Mar-1985 00:00:00.000         13.43        144.78         347.3
 01-Mar-1985 00:00:00.000         19.53       -155.58         347.2
 01-Mar-1985 00:00:00.000         76.23       -119.33         350.4
 01-Mar-1985 00:00:00.000         40.05       -105.63         348.4
 01-Mar-1985 00:00:00.000         66.00          2.00         350.7
 01-Mar-1985 00:00:00.000        -64.92        -64.00         342.7
 01-Mar-1985 00:00:00.000         71.32       -156.60         350.2
 01-Mar-1985 00:00:00.000         17.75        -64.77         346.5
 01-Mar-1985 00:00:00.000         38.75        -27.08         350.5
 01-Apr-1985 00:00:00.000        -37.95         77.53         343.7
 01-Apr-1985 00:00:00.000        -89.98        -24.80         342.8
 01-Apr-1985 00:00:00.000         -7.92        -14.42         344.2
 01-Apr-1985 00:00:00.000        -40.68        144.68        -100.0
 01-Apr-1985 00:00:00.000         19.52       -154.82        -100.0
 01-Apr-1985 00:00:00.000        -14.25       -170.57         344.7
 01-Apr-1985 00:00:00.000          2.00       -157.30         347.4
 01-Apr-1985 00:00:00.000         55.20       -162.72         352.0
 01-Apr-1985 00:00:00.000        -75.67        -27.00         344.1
 01-Apr-1985 00:00:00.000        -43.83       -172.63         342.2
 01-Apr-1985 00:00:00.000         25.67        -80.17         349.8
 01-Apr-1985 00:00:00.000         -4.67         55.17         345.3
 01-Apr-1985 00:00:00.000         13.43        144.78         348.0
 01-Apr-1985 00:00:00.000         19.53       -155.58         347.6
 01-Apr-1985 00:00:00.000         76.23       -119.33         351.4
 01-Apr-1985 00:00:00.000         40.05       -105.63         348.7
 01-Apr-1985 00:00:00.000         66.00          2.00         351.4
 01-Apr-1985 00:00:00.000        -64.92        -64.00         343.5
 01-Apr-1985 00:00:00.000         71.32       -156.60         351.3
 01-Apr-1985 00:00:00.000         17.75        -64.77         347.6
 01-Apr-1985 00:00:00.000         38.75        -27.08         348.4
 01-May-1985 00:00:00.000        -37.95         77.53         343.5
 01-May-1985 00:00:00.000        -89.98        -24.80         343.0
 01-May-1985 00:00:00.000         -7.92        -14.42         344.2
 01-May-1985 00:00:00.000        -40.68        144.68         343.5
 01-May-1985 00:00:00.000         19.52       -154.82        -100.0
 01-May-1985 00:00:00.000        -14.25       -170.57         344.3
 01-May-1985 00:00:00.000          2.00       -157.30         346.9
 01-May-1985 00:00:00.000         55.20       -162.72         352.2
 01-May-1985 00:00:00.000        -75.67        -27.00        -100.0
 01-May-1985 00:00:00.000        -43.83       -172.63        -100.0
 01-May-1985 00:00:00.000         25.67        -80.17         349.4
 01-May-1985 00:00:00.000         -4.67         55.17         344.0
 01-May-1985 00:00:00.000         13.43        144.78         347.4
 01-May-1985 00:00:00.000         19.53       -155.58         348.5
 01-May-1985 00:00:00.000         76.23       -119.33         351.9
 01-May-1985 00:00:00.000         40.05       -105.63         348.3
 01-May-1985 00:00:00.000         66.00          2.00         351.0
 01-May-1985 00:00:00.000        -64.92        -64.00         343.0
 01-May-1985 00:00:00.000         71.32       -156.60         352.1
 01-May-1985 00:00:00.000         17.75        -64.77         348.4
 01-May-1985 00:00:00.000         38.75        -27.08         349.4
 01-Jun-1985 00:00:00.000        -37.95         77.53         343.7
 01-Jun-1985 00:00:00.000        -89.98        -24.80         343.3
 01-Jun-1985 00:00:00.000         -7.92        -14.42         345.6
 01-Jun-1985 00:00:00.000        -40.68        144.68         344.4
 01-Jun-1985 00:00:00.000         19.52       -154.82        -100.0
 01-Jun-1985 00:00:00.000        -14.25       -170.57         344.4
 01-Jun-1985 00:00:00.000          2.00       -157.30         347.3
 01-Jun-1985 00:00:00.000         55.20       -162.72         349.3
 01-Jun-1985 00:00:00.000        -75.67        -27.00        -100.0
 01-Jun-1985 00:00:00.000        -43.83       -172.63        -100.0
 01-Jun-1985 00:00:00.000         25.67        -80.17         348.1
 01-Jun-1985 00:00:00.000         -4.67         55.17         343.6
 01-Jun-1985 00:00:00.000         13.43        144.78         348.9
 01-Jun-1985 00:00:00.000         19.53       -155.58         347.8
 01-Jun-1985 00:00:00.000         76.23       -119.33         350.0
 01-Jun-1985 00:00:00.000         40.05       -105.63         345.7
 01-Jun-1985 00:00:00.000         66.00          2.00         348.1
 01-Jun-1985 00:00:00.000        -64.92        -64.00         343.5
 01-Jun-1985 00:00:00.000         71.32       -156.60         349.6
 01-Jun-1985 00:00:00.000         17.75        -64.77         348.1
 01-Jun-1985 00:00:00.000         38.75        -27.08         346.4
 01-Jul-1985 00:00:00.000        -37.95         77.53         344.0
 01-Jul-1985 00:00:00.000        -89.98        -24.80         343.7
 01-Jul-1985 00:00:00.000         -7.92        -14.42         345.8
 01-Jul-1985 00:00:00.000        -40.68        144.68         344.3
 01-Jul-1985 00:00:00.000         19.52       -154.82        -100.0
 01-Jul-1985 00:00:00.000        -14.25       -170.57         344.9
 01-Jul-1985 00:00:00.000          2.00       -157.30         346.2
 01-Jul-1985 00:00:00.000         55.20       -162.72         343.8
 01-Jul-1985 00:00:00.000        -75.67        -27.00         343.6
 01-Jul-1985 00:00:00.000        -43.83       -172.63        -100.0
 01-Jul-1985 00:00:00.000         25.67        -80.17         346.7
 01-Jul-1985 00:00:00.000         -4.67         55.17         344.0
 01-Jul-1985 00:00:00.000         13.43        144.78         347.9
 01-Jul-1985 00:00:00.000         19.53       -155.58         346.1
 01-Jul-1985 00:00:00.000         76.23       -119.33         343.8
 01-Jul-1985 00:00:00.000         40.05       -105.63         344.7
 01-Jul-1985 00:00:00.000         66.00          2.00         340.9
 01-Jul-1985 00:00:00.000        -64.92        -64.00         344.0
 01-Jul-1985 00:00:00.000         71.32       -156.60         343.1
 01-Jul-1985 00:00:00.000         17.75        -64.77         345.9
 01-Jul-1985 00:00:00.000         38.75        -27.08        -100.0
 01-Aug-1985 00:00:00.000        -37.95         77.53         344.5
 01-Aug-1985 00:00:00.000        -89.98        -24.80         344.3
 01-Aug-1985 00:00:00.000         -7.92        -14.42         346.0
 01-Aug-1985 00:00:00.000        -40.68        144.68         345.0
 01-Aug-1985 00:00:00.000         19.52       -154.82        -100.0
 01-Aug-1985 00:00:00.000        -14.25       -170.57         344.2
 01-Aug-1985 00:00:00.000          2.00       -157.30         345.6
 01-Aug-1985 00:00:00.000         55.20       -162.72         336.6
 01-Aug-1985 00:00:00.000        -75.67        -27.00         344.7
 01-Aug-1985 00:00:00.000        -43.83       -172.63        -100.0
 01-Aug-1985 00:00:00.000         25.67        -80.17         343.5
 01-Aug-1985 00:00:00.000         -4.67         55.17         345.9
 01-Aug-1985 00:00:00.000         13.43        144.78         345.9
 01-Aug-1985 00:00:00.000         19.53       -155.58         343.6
 01-Aug-1985 00:00:00.000         76.23       -119.33         338.5
 01-Aug-1985 00:00:00.000         40.05       -105.63         342.7
 01-Aug-1985 00:00:00.000         66.00          2.00         336.7
 01-Aug-1985 00:00:00.000        -64.92        -64.00         344.7
 01-Aug-1985 00:00:00.000         71.32       -156.60         336.3
 01-Aug-1985 00:00:00.000         17.75        -64.77         343.2
 01-Aug-1985 00:00:00.000         38.75        -27.08         337.1
 01-Sep-1985 00:00:00.000        -37.95         77.53         344.6
 01-Sep-1985 00:00:00.000        -89.98        -24.80         344.5
 01-Sep-1985 00:00:00.000         -7.92        -14.42         345.6
 01-Sep-1985 00:00:00.000        -40.68        144.68         345.0
 01-Sep-1985 00:00:00.000         19.52       -154.82        -100.0
 01-Sep-1985 00:00:00.000        -14.25       -170.57         344.8
 01-Sep-1985 00:00:00.000          2.00       -157.30         345.1
 01-Sep-1985 00:00:00.000         55.20       -162.72         339.2
 01-Sep-1985 00:00:00.000        -75.67        -27.00         344.9
 01-Sep-1985 00:00:00.000        -43.83       -172.63        -100.0
 01-Sep-1985 00:00:00.000         25.67        -80.17         341.2
 01-Sep-1985 00:00:00.000         -4.67         55.17         344.9
 01-Sep-1985 00:00:00.000         13.43        144.78         344.5
 01-Sep-1985 00:00:00.000         19.53       -155.58         342.6
 01-Sep-1985 00:00:00.000         76.23       -119.33         337.6
 01-Sep-1985 00:00:00.000         40.05       -105.63         342.3
 01-Sep-1985 00:00:00.000         66.00          2.00         336.3
 01-Sep-1985 00:00:00.000        -64.92        -64.00         344.9
 01-Sep-1985 00:00:00.000         71.32       -156.60         336.9
 01-Sep-1985 00:00:00.000         17.75        -64.77         342.2
 01-Sep-1985 00:00:00.000         38.75        -27.08         340.2
 01-Oct-1985 00:00:00.000        -37.95         77.53         344.6
 01-Oct-1985 00:00:00.000        -89.98        -24.80         344.5
 01-Oct-1985 00:00:00.000         -7.92        -14.42         346.4
 01-Oct-1985 00:00:00.000        -40.68        144.68         344.8
 01-Oct-1985 00:00:00.000         19.52       -154.82        -100.0
 01-Oct-1985 00:00:00.000        -14.25       -170.57         344.8
 01-Oct-1985 00:00:00.000          2.00       -157.30         344.5
 01-Oct-1985 00:00:00.000         55.20       -162.72         344.8
 01-Oct-1985 00:00:00.000        -75.67        -27.00         345.0
 01-Oct-1985 00:00:00.000        -43.83       -172.63        -100.0
 01-Oct-1985 00:00:00.000         25.67        -80.17         343.5
 01-Oct-1985 00:00:00.000         -4.67         55.17         345.3
 01-Oct-1985 00:00:00.000         13.43        144.78         343.0
 01-Oct-1985 00:00:00.000         19.53       -155.58         342.3
 01-Oct-1985 00:00:00.000         76.23       -119.33         342.2
 01-Oct-1985 00:00:00.000         40.05       -105.63         343.2
 01-Oct-1985 00:00:00.000         66.00          2.00         342.8
 01-Oct-1985 00:00:00.000        -64.92        -64.00         344.8
 01-Oct-1985 00:00:00.000         71.32       -156.60         343.7
 01-Oct-1985 00:00:00.000         17.75        -64.77         341.6
 01-Oct-1985 00:00:00.000         38.75        -27.08         346.6
 01-Nov-1985 00:00:00.000        -37.95         77.53        -100.0
 01-Nov-1985 00:00:00.000        -89.98        -24.80         344.5
 01-Nov-1985 00:00:00.000         -7.92        -14.42         345.7
 01-Nov-1985 00:00:00.000        -40.68        144.68         344.1
 01-Nov-1985 00:00:00.000         19.52       -154.82        -100.0
 01-Nov-1985 00:00:00.000        -14.25       -170.57         345.3
 01-Nov-1985 00:00:00.000          2.00       -157.30         344.7
 01-Nov-1985 00:00:00.000         55.20       -162.72         347.9
 01-Nov-1985 00:00:00.000        -75.67        -27.00         344.8
 01-Nov-1985 00:00:00.000        -43.83       -172.63        -100.0
 01-Nov-1985 00:00:00.000         25.67        -80.17         346.0
 01-Nov-1985 00:00:00.000         -4.67         55.17        -100.0
 01-Nov-1985 00:00:00.000         13.43        144.78         345.0
 01-Nov-1985 00:00:00.000         19.53       -155.58         343.5
 01-Nov-1985 00:00:00.000         76.23       -119.33         347.7
 01-Nov-1985 00:00:00.000         40.05       -105.63         347.0
 01-Nov-1985 00:00:00.000         66.00          2.00         346.6
 01-Nov-1985 00:00:00.000        -64.92        -64.00         345.3
 01-Nov-1985 00:00:00.000         71.32       -156.60         347.2
 01-Nov-1985 00:00:00.000         17.75        -64.77         344.6
 01-Nov-1985 00:00:00.000         38.75        -27.08         348.9
 01-Dec-1985 00:00:00.000        -37.95         77.53         345.8
 01-Dec-1985 00:00:00.000        -89.98        -24.80         344.3
 01-Dec-1985 00:00:00.000         -7.92        -14.42         346.0
 01-Dec-1985 00:00:00.000        -40.68        144.68         343.7
 01-Dec-1985 00:00:00.000         19.52       -154.82        -100.0
 01-Dec-1985 00:00:00.000        -14.25       -170.57         345.0
 01-Dec-1985 00:00:00.000          2.00       -157.30         346.0
 01-Dec-1985 00:00:00.000         55.20       -162.72         349.1
 01-Dec-1985 00:00:00.000        -75.67        -27.00         345.4
 01-Dec-1985 00:00:00.000        -43.83       -172.63        -100.0
 01-Dec-1985 00:00:00.000         25.67        -80.17         346.9
 01-Dec-1985 00:00:00.000         -4.67         55.17        -100.0
 01-Dec-1985 00:00:00.000         13.43        144.78         346.2
 01-Dec-1985 00:00:00.000         19.53       -155.58         344.7
 01-Dec-1985 00:00:00.000         76.23       -119.33         348.6
 01-Dec-1985 00:00:00.000         40.05       -105.63         347.8
 01-Dec-1985 00:00:00.000         66.00          2.00         348.6
 01-Dec-1985 00:00:00.000        -64.92        -64.00         344.6
 01-Dec-1985 00:00:00.000         71.32       -156.60         348.3
 01-Dec-1985 00:00:00.000         17.75        -64.77         345.5
 01-Dec-1985 00:00:00.000         38.75        -27.08        -100.0
 01-Jan-1986 00:00:00.000        -37.95         77.53         345.1
 01-Jan-1986 00:00:00.000        -89.98        -24.80         344.4
 01-Jan-1986 00:00:00.000         -7.92        -14.42         345.5
 01-Jan-1986 00:00:00.000        -40.68        144.68         343.7
 01-Jan-1986 00:00:00.000         19.52       -154.82         346.4
 01-Jan-1986 00:00:00.000        -14.25       -170.57         345.4
 01-Jan-1986 00:00:00.000          2.00       -157.30         346.5
 01-Jan-1986 00:00:00.000         55.20       -162.72         351.9
 01-Jan-1986 00:00:00.000        -75.67        -27.00         344.3
 01-Jan-1986 00:00:00.000        -43.83       -172.63        -100.0
 01-Jan-1986 00:00:00.000         25.67        -80.17         348.8
 01-Jan-1986 00:00:00.000         -4.67         55.17         346.6
 01-Jan-1986 00:00:00.000         13.43        144.78         348.0
 01-Jan-1986 00:00:00.000         19.53       -155.58         345.9
 01-Jan-1986 00:00:00.000         76.23       -119.33         351.1
 01-Jan-1986 00:00:00.000         40.05       -105.63         347.4
 01-Jan-1986 00:00:00.000         66.00          2.00         350.5
 01-Jan-1986 00:00:00.000        -64.92        -64.00         344.4
 01-Jan-1986 00:00:00.000         71.32       -156.60         350.0
 01-Jan-1986 00:00:00.000         17.75        -64.77         346.3
 01-Jan-1986 00:00:00.000         38.75        -27.08         350.0
 01-Feb-1986 00:00:00.000        -37.95         77.53         346.7
 01-Feb-1986 00:00:00.000        -89.98        -24.80         343.7
 01-Feb-1986 00:00:00.000         -7.92        -14.42         345.4
 01-Feb-1986 00:00:00.000        -40.68        144.68         344.0
 01-Feb-1986 00:00:00.000         19.52       -154.82         347.1
 01-Feb-1986 00:00:00.000        -14.25       -170.57         345.6
 01-Feb-1986 00:00:00.000          2.00       -157.30         345.2
 01-Feb-1986 00:00:00.000         55.20       -162.72         351.5
 01-Feb-1986 00:00:00.000        -75.67        -27.00         345.2
 01-Feb-1986 00:00:00.000        -43.83       -172.63        -100.0
 01-Feb-1986 00:00:00.000         25.67        -80.17         349.3
 01-Feb-1986 00:00:00.000         -4.67         55.17         346.7
 01-Feb-1986 00:00:00.000         13.43        144.78         347.1
 01-Feb-1986 00:00:00.000         19.53       -155.58         346.3
 01-Feb-1986 00:00:00.000         76.23       -119.33         352.4
 01-Feb-1986 00:00:00.000         40.05       -105.63         349.3
 01-Feb-1986 00:00:00.000         66.00          2.00         350.9
 01-Feb-1986 00:00:00.000        -64.92        -64.00         344.0
 01-Feb-1986 00:00:00.000         71.32       -156.60         352.2
 01-Feb-1986 00:00:00.000         17.75        -64.77         347.6
 01-Feb-1986 00:00:00.000         38.75        -27.08        -100.0
 01-Mar-1986 00:00:00.000        -37.95         77.53         344.9
 01-Mar-1986 00:00:00.000        -89.98        -24.80         344.0
 01-Mar-1986 00:00:00.000         -7.92        -14.42         344.2
 01-Mar-1986 00:00:00.000        -40.68        144.68         344.3
 01-Mar-1986 00:00:00.000         19.52       -154.82         348.2
 01-Mar-1986 00:00:00.000        -14.25       -170.57         345.5
 01-Mar-1986 00:00:00.000          2.00       -157.30         347.0
 01-Mar-1986 00:00:00.000         55.20       -162.72         351.7
 01-Mar-1986 00:00:00.000        -75.67        -27.00         343.9
 01-Mar-1986 00:00:00.000        -43.83       -172.63        -100.0
 01-Mar-1986 00:00:00.000         25.67        -80.17         349.8
 01-Mar-1986 00:00:00.000         -4.67         55.17         347.8
 01-Mar-1986 00:00:00.000         13.43        144.78         348.9
 01-Mar-1986 00:00:00.000         19.53       -155.58         347.5
 01-Mar-1986 00:00:00.000         76.23       -119.33         353.2
 01-Mar-1986 00:00:00.000         40.05       -105.63         349.2
 01-Mar-1986 00:00:00.000         66.00          2.00         352.2
 01-Mar-1986 00:00:00.000        -64.92        -64.00         344.2
 01-Mar-1986 00:00:00.000         71.32       -156.60         353.6
 01-Mar-1986 00:00:00.000         17.75        -64.77         348.4
 01-Mar-1986 00:00:00.000         38.75        -27.08         349.3
 01-Apr-1986 00:00:00.000        -37.95         77.53         344.6
 01-Apr-1986 00:00:00.000        -89.98        -24.80         343.9
 01-Apr-1986 00:00:00.000         -7.92        -14.42         344.8
 01-Apr-1986 00:00:00.000        -40.68        144.68         344.3
 01-Apr-1986 00:00:00.000         19.52       -154.82         349.7
 01-Apr-1986 00:00:00.000        -14.25       -170.57         345.1
 01-Apr-1986 00:00:00.000          2.00       -157.30         348.6
 01-Apr-1986 00:00:00.000         55.20       -162.72         353.2
 01-Apr-1986 00:00:00.000        -75.67        -27.00         343.9
 01-Apr-1986 00:00:00.000        -43.83       -172.63        -100.0
 01-Apr-1986 00:00:00.000         25.67        -80.17         350.7
 01-Apr-1986 00:00:00.000         -4.67         55.17         345.6
 01-Apr-1986 00:00:00.000         13.43        144.78         350.0
 01-Apr-1986 00:00:00.000         19.53       -155.58         349.0
 01-Apr-1986 00:00:00.000         76.23       -119.33         353.0
 01-Apr-1986 00:00:00.000         40.05       -105.63         349.3
 01-Apr-1986 00:00:00.000         66.00          2.00         353.3
 01-Apr-1986 00:00:00.000        -64.92        -64.00         344.5
 01-Apr-1986 00:00:00.000         71.32       -156.60         352.8
 01-Apr-1986 00:00:00.000         17.75        -64.77         349.0
 01-Apr-1986 00:00:00.000         38.75        -27.08        -100.0
 01-May-1986 00:00:00.000        -37.95         77.53         344.4
 01-May-1986 00:00:00.000        -89.98        -24.80         344.1
 01-May-1986 00:00:00.000         -7.92        -14.42         345.2
 01-May-1986 00:00:00.000        -40.68        144.68         344.9
 01-May-1986 00:00:00.000         19.52       -154.82         349.7
 01-May-1986 00:00:00.000        -14.25       -170.57         345.0
 01-May-1986 00:00:00.000          2.00       -157.30         347.5
 01-May-1986 00:00:00.000         55.20       -162.72         353.0
 01-May-1986 00:00:00.000        -75.67        -27.00         344.2
 01-May-1986 00:00:00.000        -43.83       -172.63        -100.0
 01-May-1986 00:00:00.000         25.67        -80.17         350.0
 01-May-1986 00:00:00.000         -4.67         55.17         345.0
 01-May-1986 00:00:00.000         13.43        144.78         350.2
 01-May-1986 00:00:00.000         19.53       -155.58         349.6
 01-May-1986 00:00:00.000         76.23       -119.33         353.2
 01-May-1986 00:00:00.000         40.05       -105.63         348.6
 01-May-1986 00:00:00.000         66.00          2.00         351.4
 01-May-1986 00:00:00.000        -64.92        -64.00         344.3
 01-May-1986 00:00:00.000         71.32       -156.60         353.1
 01-May-1986 00:00:00.000         17.75        -64.77         349.6
 01-May-1986 00:00:00.000         38.75        -27.08         349.7
 01-Jun-1986 00:00:00.000        -37.95         77.53         345.0
 01-Jun-1986 00:00:00.000        -89.98        -24.80         344.4
 01-Jun-1986 00:00:00.000         -7.92        -14.42         346.3
 01-Jun-1986 00:00:00.000        -40.68        144.68         345.0
 01-Jun-1986 00:00:00.000         19.52       -154.82         349.3
 01-Jun-1986 00:00:00.000        -14.25       -170.57         345.9
 01-Jun-1986 00:00:00.000          2.00       -157.30         347.8
 01-Jun-1986 00:00:00.000         55.20       -162.72         350.4
 01-Jun-1986 00:00:00.000        -75.67        -27.00         344.7
 01-Jun-1986 00:00:00.000        -43.83       -172.63        -100.0
 01-Jun-1986 00:00:00.000         25.67        -80.17         349.6
 01-Jun-1986 00:00:00.000         -4.67         55.17         346.4
 01-Jun-1986 00:00:00.000         13.43        144.78         350.6
 01-Jun-1986 00:00:00.000         19.53       -155.58         348.7
 01-Jun-1986 00:00:00.000         76.23       -119.33         351.8
 01-Jun-1986 00:00:00.000         40.05       -105.63         345.6
 01-Jun-1986 00:00:00.000         66.00          2.00         348.6
 01-Jun-1986 00:00:00.000        -64.92        -64.00        -100.0
 01-Jun-1986 00:00:00.000         71.32       -156.60         350.0
 01-Jun-1986 00:00:00.000         17.75        -64.77         349.0
 01-Jun-1986 00:00:00.000         38.75        -27.08        -100.0
 01-Jul-1986 00:00:00.000        -37.95         77.53         345.2
 01-Jul-1986 00:00:00.000        -89.98        -24.80         344.8
 01-Jul-1986 00:00:00.000         -7.92        -14.42         346.7
 01-Jul-1986 00:00:00.000        -40.68        144.68         345.9
 01-Jul-1986 00:00:00.000         19.52       -154.82         346.7
 01-Jul-1986 00:00:00.000        -14.25       -170.57         345.6
 01-Jul-1986 00:00:00.000          2.00       -157.30         347.4
 01-Jul-1986 00:00:00.000         55.20       -162.72         343.8
 01-Jul-1986 00:00:00.000        -75.67        -27.00         345.3
 01-Jul-1986 00:00:00.000        -43.83       -172.63        -100.0
 01-Jul-1986 00:00:00.000         25.67        -80.17         347.7
 01-Jul-1986 00:00:00.000         -4.67         55.17         346.2
 01-Jul-1986 00:00:00.000         13.43        144.78         348.1
 01-Jul-1986 00:00:00.000         19.53       -155.58         346.9
 01-Jul-1986 00:00:00.000         76.23       -119.33         346.7
 01-Jul-1986 00:00:00.000         40.05       -105.63         344.5
 01-Jul-1986 00:00:00.000         66.00          2.00         343.3
 01-Jul-1986 00:00:00.000        -64.92        -64.00        -100.0
 01-Jul-1986 00:00:00.000         71.32       -156.60         343.7
 01-Jul-1986 00:00:00.000         17.75        -64.77         346.8
 01-Jul-1986 00:00:00.000         38.75        -27.08         345.6
 01-Aug-1986 00:00:00.000        -37.95         77.53         345.4
 01-Aug-1986 00:00:00.000        -89.98        -24.80         345.3
 01-Aug-1986 00:00:00.000         -7.92        -14.42         347.4
 01-Aug-1986 00:00:00.000        -40.68        144.68         345.2
 01-Aug-1986 00:00:00.000         19.52       -154.82         344.5
 01-Aug-1986 00:00:00.000        -14.25       -170.57         345.2
 01-Aug-1986 00:00:00.000          2.00       -157.30         346.3
 01-Aug-1986 00:00:00.000         55.20       -162.72         338.2
 01-Aug-1986 00:00:00.000        -75.67        -27.00         345.2
 01-Aug-1986 00:00:00.000        -43.83       -172.63        -100.0
 01-Aug-1986 00:00:00.000         25.67        -80.17         346.2
 01-Aug-1986 00:00:00.000         -4.67         55.17         346.1
 01-Aug-1986 00:00:00.000         13.43        144.78         345.4
 01-Aug-1986 00:00:00.000         19.53       -155.58         344.8
 01-Aug-1986 00:00:00.000         76.23       -119.33         340.3
 01-Aug-1986 00:00:00.000         40.05       -105.63         344.0
 01-Aug-1986 00:00:00.000         66.00          2.00         338.7
 01-Aug-1986 00:00:00.000        -64.92        -64.00         345.8
 01-Aug-1986 00:00:00.000         71.32       -156.60         338.3
 01-Aug-1986 00:00:00.000         17.75        -64.77         343.9
 01-Aug-1986 00:00:00.000         38.75        -27.08        -100.0
 01-Sep-1986 00:00:00.000        -37.95         77.53         345.7
 01-Sep-1986 00:00:00.000        -89.98        -24.80         345.6
 01-Sep-1986 00:00:00.000         -7.92        -14.42         346.8
 01-Sep-1986 00:00:00.000        -40.68        144.68         345.7
 01-Sep-1986 00:00:00.000         19.52       -154.82         343.0
 01-Sep-1986 00:00:00.000        -14.25       -170.57         345.9
 01-Sep-1986 00:00:00.000          2.00       -157.30         346.0
 01-Sep-1986 00:00:00.000         55.20       -162.72         341.1
 01-Sep-1986 00:00:00.000        -75.67        -27.00         345.6
 01-Sep-1986 00:00:00.000        -43.83       -172.63        -100.0
 01-Sep-1986 00:00:00.000         25.67        -80.17         342.6
 01-Sep-1986 00:00:00.000         -4.67         55.17         346.2
 01-Sep-1986 00:00:00.000         13.43        144.78         344.9
 01-Sep-1986 00:00:00.000         19.53       -155.58         343.8
 01-Sep-1986 00:00:00.000         76.23       -119.33         340.0
 01-Sep-1986 00:00:00.000         40.05       -105.63         344.5
 01-Sep-1986 00:00:00.000         66.00          2.00         339.3
 01-Sep-1986 00:00:00.000        -64.92        -64.00         345.8
 01-Sep-1986 00:00:00.000         71.32       -156.60         342.4
 01-Sep-1986 00:00:00.000         17.75        -64.77         342.7
 01-Sep-1986 00:00:00.000         38.75        -27.08        -100.0
 01-Oct-1986 00:00:00.000        -37.95         77.53         345.5
 01-Oct-1986 00:00:00.000        -89.98        -24.80         345.5
 01-Oct-1986 00:00:00.000         -7.92        -14.42         346.4
 01-Oct-1986 00:00:00.000        -40.68        144.68         346.0
 01-Oct-1986 00:00:00.000         19.52       -154.82         343.4
 01-Oct-1986 00:00:00.000        -14.25       -170.57         345.6
 01-Oct-1986 00:00:00.000          2.00       -157.30         345.5
 01-Oct-1986 00:00:00.000         55.20       -162.72         345.1
 01-Oct-1986 00:00:00.000        -75.67        -27.00         345.8
 01-Oct-1986 00:00:00.000        -43.83       -172.63        -100.0
 01-Oct-1986 00:00:00.000         25.67        -80.17         344.8
 01-Oct-1986 00:00:00.000         -4.67         55.17         346.8
 01-Oct-1986 00:00:00.000         13.43        144.78         344.6
 01-Oct-1986 00:00:00.000         19.53       -155.58         343.5
 01-Oct-1986 00:00:00.000         76.23       -119.33         344.4
 01-Oct-1986 00:00:00.000         40.05       -105.63         344.8
 01-Oct-1986 00:00:00.000         66.00          2.00         344.0
 01-Oct-1986 00:00:00.000        -64.92        -64.00         346.3
 01-Oct-1986 00:00:00.000         71.32       -156.60         347.9
 01-Oct-1986 00:00:00.000         17.75        -64.77         344.0
 01-Oct-1986 00:00:00.000         38.75        -27.08        -100.0
 01-Nov-1986 00:00:00.000        -37.95         77.53         346.2
 01-Nov-1986 00:00:00.000        -89.98        -24.80         345.6
 01-Nov-1986 00:00:00.000         -7.92        -14.42         346.8
 01-Nov-1986 00:00:00.000        -40.68        144.68         346.7
 01-Nov-1986 00:00:00.000         19.52       -154.82         345.5
 01-Nov-1986 00:00:00.000        -14.25       -170.57         345.8
 01-Nov-1986 00:00:00.000          2.00       -157.30         345.9
 01-Nov-1986 00:00:00.000         55.20       -162.72         348.8
 01-Nov-1986 00:00:00.000        -75.67        -27.00         345.7
 01-Nov-1986 00:00:00.000        -43.83       -172.63        -100.0
 01-Nov-1986 00:00:00.000         25.67        -80.17         346.5
 01-Nov-1986 00:00:00.000         -4.67         55.17         346.9
 01-Nov-1986 00:00:00.000         13.43        144.78         346.3
 01-Nov-1986 00:00:00.000         19.53       -155.58         345.4
 01-Nov-1986 00:00:00.000         76.23       -119.33         348.4
 01-Nov-1986 00:00:00.000         40.05       -105.63         346.2
 01-Nov-1986 00:00:00.000         66.00          2.00         348.1
 01-Nov-1986 00:00:00.000        -64.92        -64.00        -100.0
 01-Nov-1986 00:00:00.000         71.32       -156.60         349.4
 01-Nov-1986 00:00:00.000         17.75        -64.77         345.9
 01-Nov-1986 00:00:00.000         38.75        -27.08        -100.0
 01-Dec-1986 00:00:00.000        -37.95         77.53        -100.0
 01-Dec-1986 00:00:00.000        -89.98        -24.80         345.5
 01-Dec-1986 00:00:00.000         -7.92        -14.42         346.5
 01-Dec-1986 00:00:00.000        -40.68        144.68         346.1
 01-Dec-1986 00:00:00.000         19.52       -154.82         347.0
 01-Dec-1986 00:00:00.000        -14.25       -170.57         345.7
 01-Dec-1986 00:00:00.000          2.00       -157.30         345.4
 01-Dec-1986 00:00:00.000         55.20       -162.72         352.1
 01-Dec-1986 00:00:00.000        -75.67        -27.00         345.6
 01-Dec-1986 00:00:00.000        -43.83       -172.63        -100.0
 01-Dec-1986 00:00:00.000         25.67        -80.17         349.0
 01-Dec-1986 00:00:00.000         -4.67         55.17         347.1
 01-Dec-1986 00:00:00.000         13.43        144.78         346.9
 01-Dec-1986 00:00:00.000         19.53       -155.58         346.2
 01-Dec-1986 00:00:00.000         76.23       -119.33         352.4
 01-Dec-1986 00:00:00.000         40.05       -105.63         347.4
 01-Dec-1986 00:00:00.000         66.00          2.00         350.6
 01-Dec-1986 00:00:00.000        -64.92        -64.00        -100.0
 01-Dec-1986 00:00:00.000         71.32       -156.60         350.9
 01-Dec-1986 00:00:00.000         17.75        -64.77         346.8
 01-Dec-1986 00:00:00.000         38.75        -27.08         351.8
 01-Jan-1987 00:00:00.000        -37.95         77.53         346.8
 01-Jan-1987 00:00:00.000        -89.98        -24.80         345.4
 01-Jan-1987 00:00:00.000         -7.92        -14.42         346.3
 01-Jan-1987 00:00:00.000        -40.68        144.68         345.5
 01-Jan-1987 00:00:00.000         19.52       -154.82         349.1
 01-Jan-1987 00:00:00.000        -14.25       -170.57         345.5
 01-Jan-1987 00:00:00.000          2.00       -157.30         346.7
 01-Jan-1987 00:00:00.000         55.20       -162.72         351.5
 01-Jan-1987 00:00:00.000        -75.67        -27.00         345.8
 01-Jan-1987 00:00:00.000        -43.83       -172.63        -100.0
 01-Jan-1987 00:00:00.000         25.67        -80.17         350.1
 01-Jan-1987 00:00:00.000         -4.67         55.17         347.7
 01-Jan-1987 00:00:00.000         13.43        144.78         348.0
 01-Jan-1987 00:00:00.000         19.53       -155.58         347.1
 01-Jan-1987 00:00:00.000         76.23       -119.33         353.3
 01-Jan-1987 00:00:00.000         40.05       -105.63         348.8
 01-Jan-1987 00:00:00.000         66.00          2.00         351.5
 01-Jan-1987 00:00:00.000        -64.92        -64.00         344.6
 01-Jan-1987 00:00:00.000         71.32       -156.60         352.8
 01-Jan-1987 00:00:00.000         17.75        -64.77         347.7
 01-Jan-1987 00:00:00.000         38.75        -27.08         348.2
 01-Feb-1987 00:00:00.000        -37.95         77.53         346.3
 01-Feb-1987 00:00:00.000        -89.98        -24.80         345.6
 01-Feb-1987 00:00:00.000         -7.92        -14.42         346.3
 01-Feb-1987 00:00:00.000        -40.68        144.68         345.4
 01-Feb-1987 00:00:00.000         19.52       -154.82         348.6
 01-Feb-1987 00:00:00.000        -14.25       -170.57         346.8
 01-Feb-1987 00:00:00.000          2.00       -157.30         347.4
 01-Feb-1987 00:00:00.000         55.20       -162.72         352.5
 01-Feb-1987 00:00:00.000        -75.67        -27.00         346.7
 01-Feb-1987 00:00:00.000        -43.83       -172.63        -100.0
 01-Feb-1987 00:00:00.000         25.67        -80.17         352.1
 01-Feb-1987 00:00:00.000         -4.67         55.17         348.2
 01-Feb-1987 00:00:00.000         13.43        144.78         349.4
 01-Feb-1987 00:00:00.000         19.53       -155.58         348.0
 01-Feb-1987 00:00:00.000         76.23       -119.33         352.3
 01-Feb-1987 00:00:00.000         40.05       -105.63         349.6
 01-Feb-1987 00:00:00.000         66.00          2.00         352.1
 01-Feb-1987 00:00:00.000        -64.92        -64.00         345.1
 01-Feb-1987 00:00:00.000         71.32       -156.60         353.9
 01-Feb-1987 00:00:00.000         17.75        -64.77         349.2
 01-Feb-1987 00:00:00.000         38.75        -27.08         349.5
 01-Mar-1987 00:00:00.000        -37.95         77.53        -100.0
 01-Mar-1987 00:00:00.000        -89.98        -24.80         345.6
 01-Mar-1987 00:00:00.000         -7.92        -14.42         346.7
 01-Mar-1987 00:00:00.000        -40.68        144.68         345.2
 01-Mar-1987 00:00:00.000         19.52       -154.82         350.0
 01-Mar-1987 00:00:00.000        -14.25       -170.57         347.0
 01-Mar-1987 00:00:00.000          2.00       -157.30         348.7
 01-Mar-1987 00:00:00.000         55.20       -162.72         353.1
 01-Mar-1987 00:00:00.000        -75.67        -27.00        -100.0
 01-Mar-1987 00:00:00.000        -43.83       -172.63        -100.0
 01-Mar-1987 00:00:00.000         25.67        -80.17         352.2
 01-Mar-1987 00:00:00.000         -4.67         55.17         348.8
 01-Mar-1987 00:00:00.000         13.43        144.78         349.9
 01-Mar-1987 00:00:00.000         19.53       -155.58         348.6
 01-Mar-1987 00:00:00.000         76.23       -119.33         353.6
 01-Mar-1987 00:00:00.000         40.05       -105.63         352.2
 01-Mar-1987 00:00:00.000         66.00          2.00         353.4
 01-Mar-1987 00:00:00.000        -64.92        -64.00         345.2
 01-Mar-1987 00:00:00.000         71.32       -156.60         354.1
 01-Mar-1987 00:00:00.000         17.75        -64.77         350.6
 01-Mar-1987 00:00:00.000         38.75        -27.08         351.3
 01-Apr-1987 00:00:00.000        -37.95         77.53        -100.0
 01-Apr-1987 00:00:00.000        -89.98        -24.80         345.9
 01-Apr-1987 00:00:00.000         -7.92        -14.42         346.6
 01-Apr-1987 00:00:00.000        -40.68        144.68         345.2
 01-Apr-1987 00:00:00.000         19.52       -154.82         351.0
 01-Apr-1987 00:00:00.000        -14.25       -170.57         346.1
 01-Apr-1987 00:00:00.000          2.00       -157.30         349.4
 01-Apr-1987 00:00:00.000         55.20       -162.72         354.6
 01-Apr-1987 00:00:00.000        -75.67        -27.00         345.9
 01-Apr-1987 00:00:00.000        -43.83       -172.63        -100.0
 01-Apr-1987 00:00:00.000         25.67        -80.17         352.7
 01-Apr-1987 00:00:00.000         -4.67         55.17         349.7
 01-Apr-1987 00:00:00.000         13.43        144.78         351.2
 01-Apr-1987 00:00:00.000         19.53       -155.58         350.2
 01-Apr-1987 00:00:00.000         76.23       -119.33         354.2
 01-Apr-1987 00:00:00.000         40.05       -105.63         351.5
 01-Apr-1987 00:00:00.000         66.00          2.00         352.7
 01-Apr-1987 00:00:00.000        -64.92        -64.00         345.7
 01-Apr-1987 00:00:00.000         71.32       -156.60         353.5
 01-Apr-1987 00:00:00.000         17.75        -64.77         351.6
 01-Apr-1987 00:00:00.000         38.75        -27.08         354.7
 01-May-1987 00:00:00.000        -37.95         77.53         347.1
 01-May-1987 00:00:00.000        -89.98        -24.80         345.9
 01-May-1987 00:00:00.000         -7.92        -14.42         347.8
 01-May-1987 00:00:00.000        -40.68        144.68         346.0
 01-May-1987 00:00:00.000         19.52       -154.82         351.4
 01-May-1987 00:00:00.000        -14.25       -170.57         346.2
 01-May-1987 00:00:00.000          2.00       -157.30         350.0
 01-May-1987 00:00:00.000         55.20       -162.72         354.8
 01-May-1987 00:00:00.000        -75.67        -27.00         346.4
 01-May-1987 00:00:00.000        -43.83       -172.63        -100.0
 01-May-1987 00:00:00.000         25.67        -80.17         351.7
 01-May-1987 00:00:00.000         -4.67         55.17        -100.0
 01-May-1987 00:00:00.000         13.43        144.78         352.2
 01-May-1987 00:00:00.000         19.53       -155.58         350.9
 01-May-1987 00:00:00.000         76.23       -119.33         354.2
 01-May-1987 00:00:00.000         40.05       -105.63         350.3
 01-May-1987 00:00:00.000         66.00          2.00         352.4
 01-May-1987 00:00:00.000        -64.92        -64.00         346.5
 01-May-1987 00:00:00.000         71.32       -156.60         354.7
 01-May-1987 00:00:00.000         17.75        -64.77         350.2
 01-May-1987 00:00:00.000         38.75        -27.08        -100.0
 01-Jun-1987 00:00:00.000        -37.95         77.53         347.2
 01-Jun-1987 00:00:00.000        -89.98        -24.80         346.4
 01-Jun-1987 00:00:00.000         -7.92        -14.42         348.9
 01-Jun-1987 00:00:00.000        -40.68        144.68         346.2
 01-Jun-1987 00:00:00.000         19.52       -154.82         351.0
 01-Jun-1987 00:00:00.000        -14.25       -170.57         346.6
 01-Jun-1987 00:00:00.000          2.00       -157.30         348.6
 01-Jun-1987 00:00:00.000         55.20       -162.72         351.0
 01-Jun-1987 00:00:00.000        -75.67        -27.00         346.4
 01-Jun-1987 00:00:00.000        -43.83       -172.63        -100.0
 01-Jun-1987 00:00:00.000         25.67        -80.17         351.2
 01-Jun-1987 00:00:00.000         -4.67         55.17        -100.0
 01-Jun-1987 00:00:00.000         13.43        144.78         351.5
 01-Jun-1987 00:00:00.000         19.53       -155.58         350.5
 01-Jun-1987 00:00:00.000         76.23       -119.33         352.6
 01-Jun-1987 00:00:00.000         40.05       -105.63         348.8
 01-Jun-1987 00:00:00.000         66.00          2.00         350.3
 01-Jun-1987 00:00:00.000        -64.92        -64.00         346.9
 01-Jun-1987 00:00:00.000         71.32       -156.60         352.5
 01-Jun-1987 00:00:00.000         17.75        -64.77         349.3
 01-Jun-1987 00:00:00.000         38.75        -27.08         347.8
 01-Jul-1987 00:00:00.000        -37.95         77.53         347.6
 01-Jul-1987 00:00:00.000        -89.98        -24.80         347.0
 01-Jul-1987 00:00:00.000         -7.92        -14.42         348.8
 01-Jul-1987 00:00:00.000        -40.68        144.68         346.0
 01-Jul-1987 00:00:00.000         19.52       -154.82         347.6
 01-Jul-1987 00:00:00.000        -14.25       -170.57         346.9
 01-Jul-1987 00:00:00.000          2.00       -157.30         348.3
 01-Jul-1987 00:00:00.000         55.20       -162.72         345.3
 01-Jul-1987 00:00:00.000        -75.67        -27.00         347.3
 01-Jul-1987 00:00:00.000        -43.83       -172.63        -100.0
 01-Jul-1987 00:00:00.000         25.67        -80.17         348.9
 01-Jul-1987 00:00:00.000         -4.67         55.17        -100.0
 01-Jul-1987 00:00:00.000         13.43        144.78         351.0
 01-Jul-1987 00:00:00.000         19.53       -155.58         349.0
 01-Jul-1987 00:00:00.000         76.23       -119.33         346.4
 01-Jul-1987 00:00:00.000         40.05       -105.63         346.7
 01-Jul-1987 00:00:00.000         66.00          2.00         344.0
 01-Jul-1987 00:00:00.000        -64.92        -64.00         346.9
 01-Jul-1987 00:00:00.000         71.32       -156.60         345.1
 01-Jul-1987 00:00:00.000         17.75        -64.77         347.5
 01-Jul-1987 00:00:00.000         38.75        -27.08         345.7
 01-Aug-1987 00:00:00.000        -37.95         77.53         348.4
 01-Aug-1987 00:00:00.000        -89.98        -24.80         347.3
 01-Aug-1987 00:00:00.000         -7.92        -14.42         349.2
 01-Aug-1987 00:00:00.000        -40.68        144.68         346.6
 01-Aug-1987 00:00:00.000         19.52       -154.82         345.8
 01-Aug-1987 00:00:00.000        -14.25       -170.57         347.4
 01-Aug-1987 00:00:00.000          2.00       -157.30         349.0
 01-Aug-1987 00:00:00.000         55.20       -162.72         338.9
 01-Aug-1987 00:00:00.000        -75.67        -27.00         347.7
 01-Aug-1987 00:00:00.000        -43.83       -172.63        -100.0
 01-Aug-1987 00:00:00.000         25.67        -80.17         348.2
 01-Aug-1987 00:00:00.000         -4.67         55.17         348.9
 01-Aug-1987 00:00:00.000         13.43        144.78         347.6
 01-Aug-1987 00:00:00.000         19.53       -155.58         346.3
 01-Aug-1987 00:00:00.000         76.23       -119.33         341.4
 01-Aug-1987 00:00:00.000         40.05       -105.63         343.6
 01-Aug-1987 00:00:00.000         66.00          2.00         340.5
 01-Aug-1987 00:00:00.000        -64.92        -64.00        -100.0
 01-Aug-1987 00:00:00.000         71.32       -156.60         340.5
 01-Aug-1987 00:00:00.000         17.75        -64.77         346.5
 01-Aug-1987 00:00:00.000         38.75        -27.08         345.8
 01-Sep-1987 00:00:00.000        -37.95         77.53         350.5
 01-Sep-1987 00:00:00.000        -89.98        -24.80         347.9
 01-Sep-1987 00:00:00.000         -7.92        -14.42         349.0
 01-Sep-1987 00:00:00.000        -40.68        144.68         347.7
 01-Sep-1987 00:00:00.000         19.52       -154.82         344.6
 01-Sep-1987 00:00:00.000        -14.25       -170.57         347.9
 01-Sep-1987 00:00:00.000          2.00       -157.30         348.1
 01-Sep-1987 00:00:00.000         55.20       -162.72         340.8
 01-Sep-1987 00:00:00.000        -75.67        -27.00        -100.0
 01-Sep-1987 00:00:00.000        -43.83       -172.63        -100.0
 01-Sep-1987 00:00:00.000         25.67        -80.17         347.0
 01-Sep-1987 00:00:00.000         -4.67         55.17         347.8
 01-Sep-1987 00:00:00.000         13.43        144.78         347.7
 01-Sep-1987 00:00:00.000         19.53       -155.58         346.3
 01-Sep-1987 00:00:00.000         76.23       -119.33         340.5
 01-Sep-1987 00:00:00.000         40.05       -105.63         345.0
 01-Sep-1987 00:00:00.000         66.00          2.00         340.7
 01-Sep-1987 00:00:00.000        -64.92        -64.00         348.1
 01-Sep-1987 00:00:00.000         71.32       -156.60         341.3
 01-Sep-1987 00:00:00.000         17.75        -64.77         345.4
 01-Sep-1987 00:00:00.000         38.75        -27.08         341.8
 01-Oct-1987 00:00:00.000        -37.95         77.53         349.5
 01-Oct-1987 00:00:00.000        -89.98        -24.80         348.0
 01-Oct-1987 00:00:00.000         -7.92        -14.42         348.9
 01-Oct-1987 00:00:00.000        -40.68        144.68         347.5
 01-Oct-1987 00:00:00.000         19.52       -154.82         345.7
 01-Oct-1987 00:00:00.000        -14.25       -170.57         347.9
 01-Oct-1987 00:00:00.000          2.00       -157.30         348.1
 01-Oct-1987 00:00:00.000         55.20       -162.72         348.1
 01-Oct-1987 00:00:00.000        -75.67        -27.00         348.5
 01-Oct-1987 00:00:00.000        -43.83       -172.63        -100.0
 01-Oct-1987 00:00:00.000         25.67        -80.17         347.2
 01-Oct-1987 00:00:00.000         -4.67         55.17         345.9
 01-Oct-1987 00:00:00.000         13.43        144.78         347.1
 01-Oct-1987 00:00:00.000         19.53       -155.58         346.3
 01-Oct-1987 00:00:00.000         76.23       -119.33         346.2
 01-Oct-1987 00:00:00.000         40.05       -105.63         347.1
 01-Oct-1987 00:00:00.000         66.00          2.00         345.9
 01-Oct-1987 00:00:00.000        -64.92        -64.00         349.0
 01-Oct-1987 00:00:00.000         71.32       -156.60         346.1
 01-Oct-1987 00:00:00.000         17.75        -64.77         344.8
 01-Oct-1987 00:00:00.000         38.75        -27.08         346.1
 01-Nov-1987 00:00:00.000        -37.95         77.53         349.2
 01-Nov-1987 00:00:00.000        -89.98        -24.80         348.1
 01-Nov-1987 00:00:00.000         -7.92        -14.42         349.7
 01-Nov-1987 00:00:00.000        -40.68        144.68         347.6
 01-Nov-1987 00:00:00.000         19.52       -154.82         347.7
 01-Nov-1987 00:00:00.000        -14.25       -170.57         348.5
 01-Nov-1987 00:00:00.000          2.00       -157.30         348.1
 01-Nov-1987 00:00:00.000         55.20       -162.72         352.6
 01-Nov-1987 00:00:00.000        -75.67        -27.00        -100.0
 01-Nov-1987 00:00:00.000        -43.83       -172.63        -100.0
 01-Nov-1987 00:00:00.000         25.67        -80.17         349.5
 01-Nov-1987 00:00:00.000         -4.67         55.17         349.2
 01-Nov-1987 00:00:00.000         13.43        144.78         347.7
 01-Nov-1987 00:00:00.000         19.53       -155.58         347.8
 01-Nov-1987 00:00:00.000         76.23       -119.33         349.6
 01-Nov-1987 00:00:00.000         40.05       -105.63         349.0
 01-Nov-1987 00:00:00.000         66.00          2.00         350.9
 01-Nov-1987 00:00:00.000        -64.92        -64.00        -100.0
 01-Nov-1987 00:00:00.000         71.32       -156.60         349.9
 01-Nov-1987 00:00:00.000         17.75        -64.77         346.8
 01-Nov-1987 00:00:00.000         38.75        -27.08         348.6
 01-Dec-1987 00:00:00.000        -37.95         77.53         349.1
 01-Dec-1987 00:00:00.000        -89.98        -24.80         348.1
 01-Dec-1987 00:00:00.000         -7.92        -14.42         349.5
 01-Dec-1987 00:00:00.000        -40.68        144.68         346.7
 01-Dec-1987 00:00:00.000         19.52       -154.82         349.5
 01-Dec-1987 00:00:00.000        -14.25       -170.57         349.0
 01-Dec-1987 00:00:00.000          2.00       -157.30         349.1
 01-Dec-1987 00:00:00.000         55.20       -162.72         352.5
 01-Dec-1987 00:00:00.000        -75.67        -27.00         348.8
 01-Dec-1987 00:00:00.000        -43.83       -172.63        -100.0
 01-Dec-1987 00:00:00.000         25.67        -80.17         351.2
 01-Dec-1987 00:00:00.000         -4.67         55.17         351.0
 01-Dec-1987 00:00:00.000         13.43        144.78         349.8
 01-Dec-1987 00:00:00.000         19.53       -155.58         349.0
 01-Dec-1987 00:00:00.000         76.23       -119.33         353.0
 01-Dec-1987 00:00:00.000         40.05       -105.63         350.8
 01-Dec-1987 00:00:00.000         66.00          2.00         351.9
 01-Dec-1987 00:00:00.000        -64.92        -64.00         347.4
 01-Dec-1987 00:00:00.000         71.32       -156.60         352.6
 01-Dec-1987 00:00:00.000         17.75        -64.77         348.5
 01-Dec-1987 00:00:00.000         38.75        -27.08         350.6
                               0.0            0.0              0.0 
                               0.0            0.0              0.0 
                               0.0            0.0              0.0 
                               0.0            0.0              0.0 
                               0.0            0.0              0.0 
                               0.0            0.0              0.0 
                               0.0            0.0              0.0 
                               0.0            0.0              0.0 
                               0.0            0.0              0.0 
                               0.0            0.0              0.0 
                               0.0            0.0              0.0 
                               0.0            0.0              0.0 
                               0.0            0.0              0.0 
                               0.0            0.0              0.0 
                               0.0            0.0              0.0 
                               0.0            0.0              0.0 
                               0.0            0.0              0.0 
                               0.0            0.0              0.0 
                               0.0            0.0              0.0 
                               0.0            0.0              0.0 
                               0.0            0.0              0.0 
                               0.0            0.0              0.0 
                               0.0            0.0              0.0 
                               0.0            0.0              0.0 
                               0.0            0.0              0.0 
                               0.0            0.0              0.0 
                               0.0            0.0              0.0 
                               0.0            0.0              0.0 
                               0.0            0.0              0.0 
                               0.0            0.0              0.0 
                               0.0            0.0              0.0 
                               0.0            0.0              0.0 
                               0.0            0.0              0.0 
                               0.0            0.0              0.0 
                               0.0            0.0              0.0 
                               0.0            0.0              0.0 
                               0.0            0.0              0.0 
                               0.0            0.0              0.0 
                               0.0            0.0              0.0 
                               0.0            0.0              0.0 
                               0.0            0.0              0.0 
                               0.0            0.0              0.0 
                               0.0            0.0              0.0 
                               0.0            0.0              0.0 
                               0.0            0.0              0.0 
                               0.0            0.0              0.0 
                               0.0            0.0              0.0 
                               0.0            0.0              0.0 
                               0.0            0.0              0.0 
                               0.0            0.0              0.0 
                               0.0            0.0              0.0 
                               0.0            0.0              0.0 
                               0.0            0.0              0.0 
                               0.0            0.0              0.0 
                               0.0            0.0              0.0 
                               0.0            0.0              0.0 
                               0.0            0.0              0.0 
                               0.0            0.0              0.0 
                               0.0            0.0              0.0 
                               0.0            0.0              0.0 
                               0.0            0.0              0.0 
                               0.0            0.0              0.0 
                               0.0            0.0              0.0 
                               0.0            0.0              0.0 
                               0.0            0.0              0.0 
                               0.0            0.0              0.0 
                               0.0            0.0              0.0 
                               0.0            0.0              0.0 
                               0.0            0.0              0.0 
                               0.0            0.0              0.0 
                               0.0            0.0              0.0 
                               0.0            0.0              0.0 
                               0.0            0.0              0.0 
                               0.0            0.0              0.0 
                               0.0            0.0              0.0 
                               0.0            0.0              0.0 
                               0.0            0.0              0.0 
                               0.0            0.0              0.0 
                               0.0            0.0              0.0 
                               0.0            0.0              0.0 
                               0.0            0.0              0.0 
                               0.0            0.0              0.0 
                               0.0            0.0              0.0 
                               0.0            0.0              0.0 
                               0.0            0.0              0.0 
                               0.0            0.0              0.0 
                               0.0            0.0              0.0 
                               0.0            0.0              0.0 
                               0.0            0.0              0.0 
                               0.0            0.0              0.0 
                               0.0            0.0              0.0 
                               0.0            0.0              0.0 
                               0.0            0.0              0.0 
                               0.0            0.0              0.0 
                               0.0            0.0              0.0 
                               0.0            0.0              0.0 
                               0.0            0.0              0.0 
                               0.0            0.0              0.0 
                               0.0            0.0              0.0 
                               0.0            0.0              0.0 
                               0.0            0.0              0.0 
                               0.0            0.0              0.0 
                               0.0            0.0              0.0 
                               0.0            0.0              0.0 
                               0.0            0.0              0.0 
                               0.0            0.0              0.0 
                               0.0            0.0              0.0 
                               0.0            0.0              0.0 
                               0.0            0.0              0.0 
                               0.0            0.0              0.0 
                               0.0            0.0              0.0 
                               0.0            0.0              0.0 
                               0.0            0.0              0.0 
                               0.0            0.0              0.0 
                               0.0            0.0              0.0 
                               0.0            0.0              0.0 
                               0.0            0.0              0.0 
                               0.0            0.0              0.0 
                               0.0            0.0              0.0 
                               0.0            0.0              0.0 
                               0.0            0.0              0.0 
                               0.0            0.0              0.0 
                               0.0            0.0              0.0 
                               0.0            0.0              0.0 
                               0.0            0.0              0.0 
                               0.0            0.0              0.0 
                               0.0            0.0              0.0 
                               0.0            0.0              0.0 
                               0.0            0.0              0.0 
