
 VARIABLES AND SPECIFIED RANGES
 ----------------------------------------------------------------------------
 EPOCH                01-Jul-1983 00:00:00.000 31-Dec-1987 00:00:00.000
 LATITUDE                               -90.00                    90.00
 LONGITUD                              -180.00                   180.00
 CO2_CONC                             -10000.0                  10000.0
         EPOCH               LATITUDE      LONGITUD      CO2_CONC
 01-Dec-1984 00:00:00.000        -37.95         77.53         343.3
 01-Dec-1984 00:00:00.000        -89.98        -24.80         342.9
 01-Dec-1984 00:00:00.000         -7.92        -14.42         344.2
 01-Dec-1984 00:00:00.000        -40.68        144.68         343.4
 01-Dec-1984 00:00:00.000         19.52       -154.82         344.3
 01-Dec-1984 00:00:00.000        -14.25       -170.57         344.2
 01-Dec-1984 00:00:00.000          2.00       -157.30         344.9
 01-Dec-1984 00:00:00.000         55.20       -162.72         349.2
 01-Dec-1984 00:00:00.000        -75.67        -27.00         343.5
 01-Dec-1984 00:00:00.000        -43.83       -172.63         343.6
 01-Dec-1984 00:00:00.000         25.67        -80.17         345.7
 01-Dec-1984 00:00:00.000         -4.67         55.17         343.5
 01-Dec-1984 00:00:00.000         13.43        144.78         343.8
 01-Dec-1984 00:00:00.000         19.53       -155.58         343.7
 01-Dec-1984 00:00:00.000         76.23       -119.33         347.9
 01-Dec-1984 00:00:00.000         40.05       -105.63         345.8
 01-Dec-1984 00:00:00.000         66.00          2.00         347.2
 01-Dec-1984 00:00:00.000        -64.92        -64.00         343.8
 01-Dec-1984 00:00:00.000         71.32       -156.60         347.7
 01-Dec-1984 00:00:00.000         17.75        -64.77         343.4
 01-Dec-1984 00:00:00.000         38.75        -27.08         346.6

